#
# A fatal error has been detected by the Java Runtime Environment:
#
#  EXCEPTION_ACCESS_VIOLATION (0xc0000005) at pc=0x000000007322c750, pid=5100, tid=448
#
# JRE version: 6.0_17-b04
# Java VM: Java HotSpot(TM) 64-Bit Server VM (14.3-b01 mixed mode windows-amd64 )
# Problematic frame:
# C  0x000000007322c750
#
# If you would like to submit a bug report, please visit:
#   http://java.sun.com/webapps/bugreport/crash.jsp
# The crash happened outside the Java Virtual Machine in native code.
# See problematic frame for where to report the bug.
#

---------------  T H R E A D  ---------------

Current thread (0x000000000f0ac000):  JavaThread "AWT-EventQueue-0" [_thread_in_native, id=448, stack(0x000000000fdf0000,0x000000000fe70000)]

siginfo: ExceptionCode=0xc0000005, reading address 0x0000000000000008

Registers:
EAX=0x000000000000000d, EBX=0x000000000f0ac1b8, ECX=0x0000000000000000, EDX=0x000000006e0111f6
ESP=0x000000000fe6df38, EBP=0x000000000f5bf7c0, ESI=0x000000000f0ac1b8, EDI=0x000000000f80fad0
EIP=0x000000007322c750, EFLAGS=0x0000000000010206

Top of Stack: (sp=0x000000000fe6df38)
0x000000000fe6df38:   00000000731d589c 0000000000000000
0x000000000fe6df48:   000000000f0ac1b8 000000000f5bf7c0
0x000000000fe6df58:   000000000f0ac1b8 0000000000000001
0x000000000fe6df68:   000000000f0ac1b8 000000002dfa09e8
0x000000000fe6df78:   00000000731b3810 000000000f0ac1b8
0x000000000fe6df88:   000000000fe6e658 000000000fe6e6d0
0x000000000fe6df98:   000000000f5bf7c0 000000000fe6e000
0x000000000fe6dfa8:   00000000731d2151 0000000029075ac2
0x000000000fe6dfb8:   000000000fe6e6c8 000000003de90a98
0x000000000fe6dfc8:   000000000fe6e6d0 000000000fe6e090
0x000000000fe6dfd8:   000000002cbf2b70 000000002f96e148
0x000000000fe6dfe8:   000000002c976770 0000000000000000
0x000000000fe6dff8:   000000000fe6e0a0 000000002c980500
0x000000000fe6e008:   00000000295135e0 0000000000000000
0x000000000fe6e018:   0000000000000000 0000000000000000
0x000000000fe6e028:   0000000000000000 0000000000000000 

Instructions: (pc=0x000000007322c750)
0x000000007322c740:   48 8b 41 08 48 8b 80 18 0c 00 00 c3 cc cc cc cc
0x000000007322c750:   48 8b 49 08 48 85 c9 74 05 e9 72 f6 fd ff 33 c0 


Stack: [0x000000000fdf0000,0x000000000fe70000],  sp=0x000000000fe6df38,  free space=503k
Native frames: (J=compiled Java code, j=interpreted, Vv=VM code, C=native code)
C  0x000000007322c750

Java frames: (J=compiled Java code, j=interpreted, Vv=VM code)
j  sun.java2d.windows.GDIBlitLoops.nativeBlit(Lsun/java2d/SurfaceData;Lsun/java2d/SurfaceData;Lsun/java2d/pipe/Region;IIIIIIIIIZ)V+0
j  sun.java2d.windows.GDIBlitLoops.Blit(Lsun/java2d/SurfaceData;Lsun/java2d/SurfaceData;Ljava/awt/Composite;Lsun/java2d/pipe/Region;IIIIII)V+33
J  sun.java2d.pipe.DrawImage.copyImage(Lsun/java2d/SunGraphics2D;Ljava/awt/Image;IILjava/awt/Color;Ljava/awt/image/ImageObserver;)Z
J  javax.swing.RepaintManager$PaintManager.paintDoubleBuffered(Ljavax/swing/JComponent;Ljava/awt/Image;Ljava/awt/Graphics;IIII)V
J  javax.swing.RepaintManager$PaintManager.paint(Ljavax/swing/JComponent;Ljavax/swing/JComponent;Ljava/awt/Graphics;IIII)Z
j  javax.swing.BufferStrategyPaintManager.paint(Ljavax/swing/JComponent;Ljavax/swing/JComponent;Ljava/awt/Graphics;IIII)Z+224
j  javax.swing.RepaintManager.paint(Ljavax/swing/JComponent;Ljavax/swing/JComponent;Ljava/awt/Graphics;IIII)V+52
j  javax.swing.JComponent.paint(Ljava/awt/Graphics;)V+225
j  java.awt.GraphicsCallback$PaintCallback.run(Ljava/awt/Component;Ljava/awt/Graphics;)V+2
j  sun.awt.SunGraphicsCallback.runOneComponent(Ljava/awt/Component;Ljava/awt/Rectangle;Ljava/awt/Graphics;Ljava/awt/Shape;I)V+155
j  sun.awt.SunGraphicsCallback.runComponents([Ljava/awt/Component;Ljava/awt/Graphics;I)V+104
j  java.awt.Container.paint(Ljava/awt/Graphics;)V+73
J  javax.swing.RepaintManager.paintDirtyRegions(Ljava/util/Map;)V
j  javax.swing.RepaintManager.paintDirtyRegions()V+46
j  javax.swing.RepaintManager.seqPaintDirtyRegions()V+73
j  javax.swing.SystemEventQueueUtilities$ComponentWorkRequest.run()V+36
J  java.awt.EventDispatchThread.pumpOneEventForFilters(I)Z
J  java.awt.EventDispatchThread.pumpEventsForFilter(ILjava/awt/Conditional;Ljava/awt/EventFilter;)V
j  java.awt.EventDispatchThread.pumpEventsForHierarchy(ILjava/awt/Conditional;Ljava/awt/Component;)V+11
j  java.awt.EventDispatchThread.pumpEvents(ILjava/awt/Conditional;)V+4
j  java.awt.EventDispatchThread.pumpEvents(Ljava/awt/Conditional;)V+3
j  java.awt.EventDispatchThread.run()V+9
v  ~StubRoutines::call_stub

---------------  P R O C E S S  ---------------

Java Threads: ( => current thread )
  0x000000000f25a000 JavaThread "Image Fetcher 3" daemon [_thread_new, id=3084, stack(0x0000000000000000,0x0000000000000000)]
  0x000000000f258800 JavaThread "Image Fetcher 2" daemon [_thread_blocked, id=3772, stack(0x000000005e610000,0x000000005e690000)]
  0x000000000f263800 JavaThread "Image Fetcher 1" daemon [_thread_blocked, id=2252, stack(0x0000000048720000,0x00000000487a0000)]
  0x000000000f262000 JavaThread "Image Fetcher 0" daemon [_thread_blocked, id=512, stack(0x000000005e480000,0x000000005e500000)]
  0x000000000f266800 JavaThread "Code Analyzer updating thread" [_thread_blocked, id=4824, stack(0x000000005e3c0000,0x000000005e440000)]
  0x000000000f265000 JavaThread "Code Analyzer updating thread" [_thread_blocked, id=4172, stack(0x0000000050960000,0x00000000509e0000)]
  0x000000000f265800 JavaThread "Prefs Updater" daemon [_thread_blocked, id=880, stack(0x0000000028d30000,0x0000000028db0000)]
  0x000000000f25c000 JavaThread "pool-6-thread-1" [_thread_blocked, id=2272, stack(0x0000000025e00000,0x0000000025e80000)]
  0x000000000f261800 JavaThread "Code Analyzer updating thread" [_thread_blocked, id=216, stack(0x0000000061d40000,0x0000000061dc0000)]
  0x000000000f25f000 JavaThread "Active Reference Queue Daemon" daemon [_thread_blocked, id=4136, stack(0x0000000061cb0000,0x0000000061d30000)]
  0x000000000f260800 JavaThread "Timer-8" daemon [_thread_blocked, id=2900, stack(0x0000000061b60000,0x0000000061be0000)]
  0x000000000f25e800 JavaThread "Explorer NavigationContext request queue" [_thread_blocked, id=2236, stack(0x00000000618e0000,0x0000000061960000)]
  0x000000000f25d000 JavaThread "AddressBar directory emptiness poller" [_thread_blocked, id=872, stack(0x00000000696e0000,0x0000000069760000)]
  0x000000000f25b800 JavaThread "Timer-2" [_thread_blocked, id=1280, stack(0x0000000069760000,0x00000000697e0000)]
  0x000000000f25b000 JavaThread "Timer-1" daemon [_thread_blocked, id=3368, stack(0x000000004c830000,0x000000004c8b0000)]
  0x000000000f258000 JavaThread "TimerQueue" daemon [_thread_blocked, id=3052, stack(0x0000000044640000,0x00000000446c0000)]
  0x000000000ef77000 JavaThread "FelixPackageAdmin" daemon [_thread_blocked, id=4924, stack(0x0000000040560000,0x00000000405e0000)]
  0x000000000ef76800 JavaThread "FelixStartLevel" daemon [_thread_blocked, id=2888, stack(0x000000000dbc0000,0x000000000dc40000)]
  0x000000000ee9b000 JavaThread "FelixDispatchQueue" daemon [_thread_blocked, id=252, stack(0x000000001ced0000,0x000000001cf50000)]
=>0x000000000f0ac000 JavaThread "AWT-EventQueue-0" [_thread_in_native, id=448, stack(0x000000000fdf0000,0x000000000fe70000)]
  0x000000000eff2000 JavaThread "com.google.common.base.internal.Finalizer" daemon [_thread_blocked, id=4292, stack(0x000000000f990000,0x000000000fa10000)]
  0x000000000ee44000 JavaThread "AWT-Windows" daemon [_thread_in_native, id=4764, stack(0x000000000fc70000,0x000000000fcf0000)]
  0x000000000ee43800 JavaThread "AWT-Shutdown" [_thread_blocked, id=3780, stack(0x000000000fbf0000,0x000000000fc70000)]
  0x000000000f094800 JavaThread "Java2D Disposer" daemon [_thread_blocked, id=3920, stack(0x000000000fa20000,0x000000000faa0000)]
  0x000000000e9e1000 JavaThread "Timer-0" [_thread_blocked, id=5064, stack(0x000000000f8c0000,0x000000000f940000)]
  0x000000000e929800 JavaThread "EventMgr Dispatcher" daemon [_thread_in_native, id=4240, stack(0x0000000010e70000,0x0000000014e70000)]
  0x000000000d76d800 JavaThread "Low Memory Detector" daemon [_thread_blocked, id=5104, stack(0x000000000da90000,0x000000000db10000)]
  0x0000000005a0f800 JavaThread "CompilerThread1" daemon [_thread_blocked, id=4376, stack(0x0000000050b10000,0x0000000054b10000)]
  0x0000000005a0e800 JavaThread "CompilerThread0" daemon [_thread_blocked, id=916, stack(0x000000004c930000,0x0000000050930000)]
  0x000000000d756800 JavaThread "Attach Listener" daemon [_thread_blocked, id=2388, stack(0x000000000dc40000,0x000000000dcc0000)]
  0x00000000059fd800 JavaThread "Finalizer" daemon [_thread_blocked, id=2700, stack(0x000000000db40000,0x000000000dbc0000)]
  0x00000000059f5800 JavaThread "Reference Handler" daemon [_thread_blocked, id=4000, stack(0x000000000d9c0000,0x000000000da40000)]
  0x000000000593b800 JavaThread "main" [_thread_in_native, id=5000, stack(0x0000000000080000,0x0000000004080000)]

Other Threads:
  0x000000000d711800 VMThread [stack: 0x00000000487e0000,0x000000004c7e0000] [id=4968]
  0x000000000d79d800 WatcherThread [stack: 0x0000000054c90000,0x0000000058c90000] [id=4272]

VM state:not at safepoint (normal execution)

VM Mutex/Monitor currently owned by a thread: None

Heap
 PSYoungGen      total 15488K, used 12115K [0x000000003d370000, 0x000000003e370000, 0x0000000040470000)
  eden space 14592K, 79% used [0x000000003d370000,0x000000003deccc48,0x000000003e1b0000)
  from space 896K, 53% used [0x000000003e290000,0x000000003e308000,0x000000003e370000)
  to   space 896K, 0% used [0x000000003e1b0000,0x000000003e1b0000,0x000000003e290000)
 PSOldGen        total 84096K, used 79924K [0x0000000034070000, 0x0000000039290000, 0x000000003d370000)
  object space 84096K, 95% used [0x0000000034070000,0x0000000038e7d368,0x0000000039290000)
 PSPermGen       total 76032K, used 63683K [0x000000002c070000, 0x0000000030ab0000, 0x0000000034070000)
  object space 76032K, 83% used [0x000000002c070000,0x000000002fea0d00,0x0000000030ab0000)

Dynamic libraries:
0x000000013f2f0000 - 0x000000013f322000 	C:\Program Files\MATLAB\R2012a\bin\win64\MATLAB.exe
0x0000000077c00000 - 0x0000000077da9000 	C:\Windows\SYSTEM32\ntdll.dll
0x0000000077680000 - 0x000000007779f000 	C:\Windows\system32\kernel32.dll
0x000007fefe340000 - 0x000007fefe3ac000 	C:\Windows\system32\KERNELBASE.dll
0x0000000074460000 - 0x0000000074554000 	C:\Program Files\MATLAB\R2012a\bin\win64\libut.dll
0x00000000758a0000 - 0x0000000075952000 	C:\Program Files\MATLAB\R2012a\bin\win64\libmwi18n.dll
0x0000000180000000 - 0x000000018000b000 	C:\Program Files\MATLAB\R2012a\bin\win64\libmwresource_core.dll
0x0000000073dc0000 - 0x0000000073e93000 	C:\Windows\WinSxS\amd64_microsoft.vc90.crt_1fc8b3b9a1e18e3b_9.0.30729.6161_none_08e61857a83bc251\MSVCP90.dll
0x0000000075300000 - 0x00000000753a3000 	C:\Windows\WinSxS\amd64_microsoft.vc90.crt_1fc8b3b9a1e18e3b_9.0.30729.6161_none_08e61857a83bc251\MSVCR90.dll
0x000000007a170000 - 0x000000007a19c000 	C:\Program Files\MATLAB\R2012a\bin\win64\boost_filesystem-vc90-mt-1_44.dll
0x000000007a560000 - 0x000000007a569000 	C:\Program Files\MATLAB\R2012a\bin\win64\boost_system-vc90-mt-1_44.dll
0x000007feffb40000 - 0x000007feffc1b000 	C:\Windows\system32\ADVAPI32.dll
0x000007feffd50000 - 0x000007feffdef000 	C:\Windows\system32\msvcrt.dll
0x000007fefe500000 - 0x000007fefe51f000 	C:\Windows\SYSTEM32\sechost.dll
0x000007feff860000 - 0x000007feff98d000 	C:\Windows\system32\RPCRT4.dll
0x000000007a010000 - 0x000000007a035000 	C:\Program Files\MATLAB\R2012a\bin\win64\LIBEXPAT.dll
0x0000000074940000 - 0x0000000074b31000 	C:\Program Files\MATLAB\R2012a\bin\win64\icuin44.dll
0x0000000074bc0000 - 0x0000000074d31000 	C:\Program Files\MATLAB\R2012a\bin\win64\icuuc44.dll
0x0000000010000000 - 0x0000000010e41000 	C:\Program Files\MATLAB\R2012a\bin\win64\icudt44.dll
0x0000000073f70000 - 0x00000000740ad000 	C:\Program Files\MATLAB\R2012a\bin\win64\libmwfl.dll
0x00000000042b0000 - 0x00000000045a6000 	C:\Program Files\MATLAB\R2012a\bin\win64\libmwMATLAB_res.dll
0x000000007a3b0000 - 0x000000007a3c0000 	C:\Program Files\MATLAB\R2012a\bin\win64\boost_date_time-vc90-mt-1_44.dll
0x000000007a250000 - 0x000000007a263000 	C:\Program Files\MATLAB\R2012a\bin\win64\boost_signals-vc90-mt-1_44.dll
0x000000007a2d0000 - 0x000000007a2e2000 	C:\Program Files\MATLAB\R2012a\bin\win64\boost_thread-vc90-mt-1_44.dll
0x00000000045b0000 - 0x00000000045f6000 	C:\Program Files\MATLAB\R2012a\bin\win64\tbb.dll
0x000007feffd30000 - 0x000007feffd49000 	C:\Windows\system32\imagehlp.dll
0x0000000077dd0000 - 0x0000000077dd7000 	C:\Windows\system32\PSAPI.DLL
0x0000000075290000 - 0x00000000752a3000 	C:\Program Files\MATLAB\R2012a\bin\win64\icuio44.dll
0x000007fefa890000 - 0x000007fefa9b5000 	C:\Windows\system32\dbghelp.dll
0x0000000077b00000 - 0x0000000077bfa000 	C:\Windows\system32\USER32.dll
0x000007feffea0000 - 0x000007fefff07000 	C:\Windows\system32\GDI32.dll
0x000007feffe90000 - 0x000007feffe9e000 	C:\Windows\system32\LPK.dll
0x000007fefe430000 - 0x000007fefe4f9000 	C:\Windows\system32\USP10.dll
0x000000007bed0000 - 0x000000007c183000 	C:\Program Files\MATLAB\R2012a\bin\win64\libmwservices.dll
0x0000000075a20000 - 0x0000000075ae2000 	C:\Program Files\MATLAB\R2012a\bin\win64\libmx.dll
0x000000007a210000 - 0x000000007a228000 	C:\Program Files\MATLAB\R2012a\bin\win64\zlib1.dll
0x0000000004630000 - 0x0000000004651000 	C:\Program Files\MATLAB\R2012a\bin\win64\libmwmfl_scalar.dll
0x0000000075f10000 - 0x0000000075f5d000 	C:\Program Files\MATLAB\R2012a\bin\win64\mpath.dll
0x000000007b680000 - 0x000000007bbe1000 	C:\Program Files\MATLAB\R2012a\bin\win64\mlutil.dll
0x0000000075210000 - 0x000000007528f000 	C:\Program Files\MATLAB\R2012a\bin\win64\xmlcore.dll
0x000000007bc30000 - 0x000000007be83000 	C:\Program Files\MATLAB\R2012a\bin\win64\xerces-c_2_7.dll
0x000007feff990000 - 0x000007feff9dd000 	C:\Windows\system32\WS2_32.dll
0x000007feffcc0000 - 0x000007feffcc8000 	C:\Windows\system32\NSI.dll
0x00000000046b0000 - 0x00000000046ca000 	C:\Program Files\MATLAB\R2012a\bin\win64\libmwMATLAB_settings_res.dll
0x00000000046e0000 - 0x0000000004727000 	C:\Program Files\MATLAB\R2012a\bin\win64\boost_serialization-vc90-mt-1_44.dll
0x000007fefe5d0000 - 0x000007feff358000 	C:\Windows\system32\SHELL32.dll
0x000007feffac0000 - 0x000007feffb31000 	C:\Windows\system32\SHLWAPI.dll
0x000007fef83a0000 - 0x000007fef8440000 	C:\Windows\WinSxS\amd64_microsoft.windows.common-controls_6595b64144ccf1df_5.82.7601.17514_none_a4d6a923711520a9\COMCTL32.dll
0x000007feffc20000 - 0x000007feffcb7000 	C:\Windows\system32\COMDLG32.dll
0x000007fefbe20000 - 0x000007fefbe36000 	C:\Windows\system32\NETAPI32.dll
0x000007fefbe10000 - 0x000007fefbe1c000 	C:\Windows\system32\netutils.dll
0x000007fefdb00000 - 0x000007fefdb23000 	C:\Windows\system32\srvcli.dll
0x000007fefbdf0000 - 0x000007fefbe05000 	C:\Windows\system32\wkscli.dll
0x000007feff540000 - 0x000007feff743000 	C:\Windows\system32\ole32.dll
0x000007feff9e0000 - 0x000007feffab7000 	C:\Windows\system32\OLEAUT32.dll
0x0000000004740000 - 0x00000000048d6000 	C:\Program Files\MATLAB\R2012a\bin\win64\mcr.dll
0x00000000048f0000 - 0x0000000004c5b000 	C:\Program Files\MATLAB\R2012a\bin\win64\iqm.dll
0x000000006b390000 - 0x000000006bbb1000 	C:\Program Files\MATLAB\R2012a\bin\win64\m_interpreter.dll
0x00000000751e0000 - 0x0000000075205000 	C:\Program Files\MATLAB\R2012a\bin\win64\libmex.dll
0x0000000074880000 - 0x0000000074933000 	C:\Program Files\MATLAB\R2012a\bin\win64\m_dispatcher.dll
0x0000000004ca0000 - 0x0000000004d8d000 	C:\Program Files\MATLAB\R2012a\bin\win64\boost_regex-vc90-mt-1_44.dll
0x0000000074e10000 - 0x0000000074e94000 	C:\Program Files\MATLAB\R2012a\bin\win64\profiler.dll
0x0000000004db0000 - 0x0000000005005000 	C:\Program Files\MATLAB\R2012a\bin\win64\libmwmathutil.dll
0x0000000079f40000 - 0x0000000079f6d000 	C:\Program Files\MATLAB\R2012a\bin\win64\libmwmathrng.dll
0x0000000005030000 - 0x000000000510d000 	C:\Program Files\MATLAB\R2012a\bin\win64\libmwmathcore.dll
0x0000000076160000 - 0x00000000761cb000 	C:\Program Files\MATLAB\R2012a\bin\win64\libmwspmatrix.dll
0x0000000075ea0000 - 0x0000000075f02000 	C:\Program Files\MATLAB\R2012a\bin\win64\libmwcholmod.dll
0x000000007a460000 - 0x000000007a46d000 	C:\Program Files\MATLAB\R2012a\bin\win64\libmwamd.dll
0x000000007a4b0000 - 0x000000007a4bc000 	C:\Program Files\MATLAB\R2012a\bin\win64\libmwcolamd.dll
0x00000000751c0000 - 0x00000000751d9000 	C:\Program Files\MATLAB\R2012a\bin\win64\libmwblas.dll
0x00000000751a0000 - 0x00000000751b2000 	C:\Program Files\MATLAB\R2012a\bin\win64\libmwbinder.dll
0x0000000074f90000 - 0x0000000074f9b000 	C:\Program Files\MATLAB\R2012a\bin\win64\libmwompwrapper.dll
0x00000000747f0000 - 0x0000000074876000 	C:\Program Files\MATLAB\R2012a\bin\win64\libmwlapack.dll
0x0000000074de0000 - 0x0000000074e01000 	C:\Program Files\MATLAB\R2012a\bin\win64\m_pcodeio.dll
0x0000000079b10000 - 0x0000000079b77000 	C:\Program Files\MATLAB\R2012a\bin\win64\m_ir.dll
0x000000006c620000 - 0x000000006cc70000 	C:\Program Files\MATLAB\R2012a\bin\win64\m_parser.dll
0x0000000074f70000 - 0x0000000074f8a000 	C:\Program Files\MATLAB\R2012a\bin\win64\ir_xfmr.dll
0x000000006c3a0000 - 0x000000006c619000 	C:\Program Files\MATLAB\R2012a\bin\win64\mcos.dll
0x0000000074f20000 - 0x0000000074f2c000 	C:\Program Files\MATLAB\R2012a\bin\win64\mtok.dll
0x0000000074b80000 - 0x0000000074bb1000 	C:\Program Files\MATLAB\R2012a\bin\win64\m_pcodegen.dll
0x0000000079fb0000 - 0x0000000079fe7000 	C:\Program Files\MATLAB\R2012a\bin\win64\libmwbridge.dll
0x000000006c2d0000 - 0x000000006c398000 	C:\Program Files\MATLAB\R2012a\bin\win64\udd.dll
0x000000006c170000 - 0x000000006c2c2000 	C:\Program Files\MATLAB\R2012a\bin\win64\libmwgui.dll
0x0000000074ee0000 - 0x0000000074ef7000 	C:\Program Files\MATLAB\R2012a\bin\win64\graphics_util.dll
0x0000000069ef0000 - 0x000000006a893000 	C:\Program Files\MATLAB\R2012a\bin\win64\hg.dll
0x0000000005260000 - 0x00000000052c7000 	C:\Program Files\MATLAB\R2012a\bin\win64\libmat.dll
0x0000000072d30000 - 0x0000000072f44000 	C:\Program Files\MATLAB\R2012a\bin\win64\hdf5dll.dll
0x0000000075710000 - 0x00000000757c1000 	C:\Program Files\MATLAB\R2012a\bin\win64\jmi.dll
0x0000000005300000 - 0x000000000530e000 	C:\Program Files\MATLAB\R2012a\bin\win64\nativejava_services.dll
0x00000000747a0000 - 0x00000000747e2000 	C:\Program Files\MATLAB\R2012a\bin\win64\libmwhardcopy.dll
0x000000006cd10000 - 0x000000006cd6a000 	C:\Program Files\MATLAB\R2012a\bin\win64\libuij.dll
0x000000006b040000 - 0x000000006b24c000 	C:\Program Files\MATLAB\R2012a\bin\win64\hgdatatypes.dll
0x000000006b290000 - 0x000000006b38d000 	C:\Program Files\MATLAB\R2012a\bin\win64\hgutils.dll
0x000000006af80000 - 0x000000006b03d000 	C:\Program Files\MATLAB\R2012a\bin\win64\udd_mi.dll
0x0000000005370000 - 0x00000000053ab000 	C:\Program Files\MATLAB\R2012a\bin\win64\libmwgbtutils.dll
0x00000000053c0000 - 0x00000000053d9000 	C:\Program Files\MATLAB\R2012a\bin\win64\libmwgbt.dll
0x00000000053f0000 - 0x00000000056ba000 	C:\Program Files\MATLAB\R2012a\bin\win64\uiw.dll
0x0000000074dd0000 - 0x0000000074ddf000 	C:\Program Files\MATLAB\R2012a\bin\win64\uinone.dll
0x000007fefa870000 - 0x000007fefa888000 	C:\Windows\system32\MPR.dll
0x000000006aa90000 - 0x000000006af74000 	C:\Windows\WinSxS\amd64_microsoft.vc90.mfc_1fc8b3b9a1e18e3b_9.0.30729.6161_none_044aad0bab1eb146\mfc90.dll
0x000007fef74d0000 - 0x000007fef74d7000 	C:\Windows\system32\MSIMG32.dll
0x000007fef78c0000 - 0x000007fef7931000 	C:\Windows\system32\WINSPOOL.DRV
0x0000000074db0000 - 0x0000000074dd0000 	C:\Program Files\MATLAB\R2012a\bin\win64\mwoles05.DLL
0x000000006c0f0000 - 0x000000006c16c000 	C:\Program Files\MATLAB\R2012a\bin\win64\comcli.dll
0x0000000075430000 - 0x000000007545f000 	C:\Windows\WinSxS\amd64_microsoft.vc90.atl_1fc8b3b9a1e18e3b_9.0.30729.6161_none_0a1fd3a3a768b895\ATL90.DLL
0x0000000074b70000 - 0x0000000074b7c000 	C:\Program Files\MATLAB\R2012a\bin\win64\mlautoregister.dll
0x0000000005710000 - 0x0000000005720000 	C:\Program Files\MATLAB\R2012a\bin\win64\boost_iostreams-vc90-mt-1_44.dll
0x000007fefe5a0000 - 0x000007fefe5ce000 	C:\Windows\system32\IMM32.DLL
0x000007feff750000 - 0x000007feff859000 	C:\Windows\system32\MSCTF.dll
0x000007fefc860000 - 0x000007fefc8b6000 	C:\Windows\system32\UxTheme.dll
0x000007fefc430000 - 0x000007fefc448000 	C:\Windows\system32\dwmapi.dll
0x0000000074b60000 - 0x0000000074b6d000 	C:\Windows\WinSxS\amd64_microsoft.vc90.mfcloc_1fc8b3b9a1e18e3b_9.0.30729.6161_none_01c9581e60cbee58\MFC90ENU.DLL
0x0000000005770000 - 0x0000000005799000 	C:\Program Files\MATLAB\R2012a\bin\win64\tbbmalloc.dll
0x000007fefe060000 - 0x000007fefe06f000 	C:\Windows\system32\profapi.dll
0x000007fefb090000 - 0x000007fefb09f000 	C:\Program Files\MATLAB\R2012a\bin\win64\xmlxrcsc.dll
0x0000000005a20000 - 0x0000000005a32000 	C:\Program Files\Logitech\SetPoint\lgscroll.dll
0x0000000073b50000 - 0x0000000073c19000 	C:\Windows\WinSxS\amd64_microsoft.vc80.crt_1fc8b3b9a1e18e3b_8.0.50727.6195_none_88e41e092fab0294\MSVCR80.dll
0x000007fefcf30000 - 0x000007fefcf5d000 	C:\Windows\system32\ntmarta.dll
0x000007feffcd0000 - 0x000007feffd22000 	C:\Windows\system32\WLDAP32.dll
0x0000000078870000 - 0x0000000078ecd000 	C:\Program Files\MATLAB\R2012a\sys\java\jre\win64\jre\bin\server\jvm.dll
0x000007fefbc40000 - 0x000007fefbc7b000 	C:\Windows\system32\WINMM.dll
0x000007fefa0c0000 - 0x000007fefa0e7000 	C:\Windows\system32\iphlpapi.dll
0x000007fefa0b0000 - 0x000007fefa0bb000 	C:\Windows\system32\WINNSI.DLL
0x000007fefd6e0000 - 0x000007fefd73b000 	C:\Windows\system32\DNSAPI.dll
0x000007fef9fd0000 - 0x000007fef9fe1000 	C:\Windows\system32\dhcpcsvc6.DLL
0x000007fef9fb0000 - 0x000007fef9fc8000 	C:\Windows\system32\dhcpcsvc.DLL
0x0000000074b50000 - 0x0000000074b53000 	C:\Windows\system32\icmp.Dll
0x000007fefdf50000 - 0x000007fefdf5f000 	C:\Windows\system32\CRYPTBASE.dll

VM Arguments:
jvm_args: -Xss512k -XX:PermSize=32m -Xms64m -XX:NewRatio=3 -XX:MaxPermSize=128m -Xmx196m -XX:MaxDirectMemorySize=2147400000 -Dsun.java2d.noddraw=true -Dsun.awt.nopixfmt=true -Xshare:off -Xrs -Dsun.awt.disableMixing=true -Djava.library.path=C:\Program Files\MATLAB\R2012a\bin\win64 vfprintf abort 
java_command: <unknown>
Launcher Type: generic

Environment Variables:
PATH=C:\Users\Brooks\Documents\Hovergroup\Brooks;C:\AMPL;C:\Program Files (x86)\MiKTeX 2.9\miktex\bin;C:\Windows\system32;C:\Windows;C:\Windows\System32\Wbem;C:\Windows\System32\WindowsPowerShell\v1.0\;C:\Program Files\MATLAB\R2012a\runtime\win64;C:\Program Files\MATLAB\R2012a\bin;C:\Program Files\TortoiseSVN\bin;C:\Users\Brooks\AppData\Local\VanDyke Software\Clients\;C:\ILOG\CPLEX_Studio_AcademicResearch122\opl\bin\x64_win64;C:\ILOG\CPLEX_Studio_AcademicResearch122\opl\oplide\;C:\ILOG\CPLEX_Studio_AcademicResearch122\cplex\bin\x64_win64;C:\ILOG\CPLEX_Studio_AcademicResearch122\cpoptimizer\bin\x64_win64;
USERNAME=Brooks
OS=Windows_NT
PROCESSOR_IDENTIFIER=Intel64 Family 6 Model 23 Stepping 6, GenuineIntel



---------------  S Y S T E M  ---------------

OS: Windows 7 Build 7601 Service Pack 1

CPU:total 2 (2 cores per cpu, 1 threads per core) family 6 model 23 stepping 6, cmov, cx8, fxsr, mmx, sse, sse2, sse3, ssse3, sse4.1

Memory: 4k page, physical 8320632k(5023616k free), swap 16639412k(13257228k free)

vm_info: Java HotSpot(TM) 64-Bit Server VM (14.3-b01) for windows-amd64 JRE (1.6.0_17-b04), built on Oct 11 2009 00:46:08 by "java_re" with MS VC++ 8.0

time: Tue Sep 04 11:30:21 2012
elapsed time: 41881 seconds

